280  [main] INFO  o.s.b.t.a.w.s.WebMvcTestContextBootstrapper - Neither @ContextConfiguration nor @ContextHierarchy found for test class [com.dkb.bankaccount.web.AccountControllerTest], using SpringBootContextLoader
287  [main] INFO  o.s.t.c.s.AbstractContextLoader - Could not detect default resource locations for test class [com.dkb.bankaccount.web.AccountControllerTest]: no resource found for suffixes {-context.xml, Context.groovy}.
288  [main] INFO  o.s.t.c.s.AnnotationConfigContextLoaderUtils - Could not detect default configuration classes for test class [com.dkb.bankaccount.web.AccountControllerTest]: AccountControllerTest does not declare any static, non-private, non-final, nested classes annotated with @Configuration.
441  [main] INFO  o.s.b.t.c.SpringBootTestContextBootstrapper - Found @SpringBootConfiguration com.dkb.bankaccount.BankAccountToyApplication for test class com.dkb.bankaccount.web.AccountControllerTest
445  [main] INFO  o.s.b.t.a.w.s.WebMvcTestContextBootstrapper - Loaded default TestExecutionListener class names from location [META-INF/spring.factories]: [org.springframework.boot.test.mock.mockito.MockitoTestExecutionListener, org.springframework.boot.test.mock.mockito.ResetMocksTestExecutionListener, org.springframework.boot.test.autoconfigure.restdocs.RestDocsTestExecutionListener, org.springframework.boot.test.autoconfigure.web.client.MockRestServiceServerResetTestExecutionListener, org.springframework.boot.test.autoconfigure.web.servlet.MockMvcPrintOnlyOnFailureTestExecutionListener, org.springframework.boot.test.autoconfigure.web.servlet.WebDriverTestExecutionListener, org.springframework.boot.test.autoconfigure.webservices.client.MockWebServiceServerTestExecutionListener, org.springframework.test.context.web.ServletTestExecutionListener, org.springframework.test.context.support.DirtiesContextBeforeModesTestExecutionListener, org.springframework.test.context.support.DependencyInjectionTestExecutionListener, org.springframework.test.context.support.DirtiesContextTestExecutionListener, org.springframework.test.context.transaction.TransactionalTestExecutionListener, org.springframework.test.context.jdbc.SqlScriptsTestExecutionListener, org.springframework.test.context.event.EventPublishingTestExecutionListener]
461  [main] INFO  o.s.b.t.a.w.s.WebMvcTestContextBootstrapper - Using TestExecutionListeners: [org.springframework.test.context.web.ServletTestExecutionListener@354fc8f0, org.springframework.test.context.support.DirtiesContextBeforeModesTestExecutionListener@41813449, org.springframework.boot.test.mock.mockito.MockitoTestExecutionListener@4678a2eb, org.springframework.boot.test.autoconfigure.SpringBootDependencyInjectionTestExecutionListener@5b43fbf6, org.springframework.test.context.support.DirtiesContextTestExecutionListener@1080b026, org.springframework.test.context.transaction.TransactionalTestExecutionListener@58ebfd03, org.springframework.test.context.jdbc.SqlScriptsTestExecutionListener@5b07730f, org.springframework.test.context.event.EventPublishingTestExecutionListener@1fdfafd2, org.springframework.boot.test.mock.mockito.ResetMocksTestExecutionListener@a4b2d8f, org.springframework.boot.test.autoconfigure.restdocs.RestDocsTestExecutionListener@dcfda20, org.springframework.boot.test.autoconfigure.web.client.MockRestServiceServerResetTestExecutionListener@6d304f9d, org.springframework.boot.test.autoconfigure.web.servlet.MockMvcPrintOnlyOnFailureTestExecutionListener@f73dcd6, org.springframework.boot.test.autoconfigure.web.servlet.WebDriverTestExecutionListener@5c87bfe2, org.springframework.boot.test.autoconfigure.webservices.client.MockWebServiceServerTestExecutionListener@2fea7088]
1026 [main] INFO  c.d.b.web.AccountControllerTest - Starting AccountControllerTest on DESKTOP-QOT9745 with PID 30396 (started by aamir in D:\projects\bank-accout-toy)
1029 [main] INFO  c.d.b.web.AccountControllerTest - No active profile set, falling back to default profiles: default
2502 [main] INFO  o.s.s.c.ThreadPoolTaskExecutor - Initializing ExecutorService 'applicationTaskExecutor'
2756 [main] INFO  o.s.b.t.m.w.SpringBootMockServletContext - Initializing Spring TestDispatcherServlet ''
2756 [main] INFO  o.s.t.w.s.TestDispatcherServlet - Initializing Servlet ''
2769 [main] INFO  o.s.t.w.s.TestDispatcherServlet - Completed initialization in 12 ms
2796 [main] INFO  c.d.b.web.AccountControllerTest - Started AccountControllerTest in 2.278 seconds (JVM running for 3.726)
3408 [main] INFO  o.s.b.t.c.SpringBootTestContextBootstrapper - Neither @ContextConfiguration nor @ContextHierarchy found for test class [com.dkb.bankaccount.BankAccountToyApplicationTests], using SpringBootContextLoader
3409 [main] INFO  o.s.t.c.s.AbstractContextLoader - Could not detect default resource locations for test class [com.dkb.bankaccount.BankAccountToyApplicationTests]: no resource found for suffixes {-context.xml, Context.groovy}.
3410 [main] INFO  o.s.t.c.s.AnnotationConfigContextLoaderUtils - Could not detect default configuration classes for test class [com.dkb.bankaccount.BankAccountToyApplicationTests]: BankAccountToyApplicationTests does not declare any static, non-private, non-final, nested classes annotated with @Configuration.
3415 [main] INFO  o.s.b.t.c.SpringBootTestContextBootstrapper - Found @SpringBootConfiguration com.dkb.bankaccount.BankAccountToyApplication for test class com.dkb.bankaccount.BankAccountToyApplicationTests
3421 [main] INFO  o.s.b.t.c.SpringBootTestContextBootstrapper - Loaded default TestExecutionListener class names from location [META-INF/spring.factories]: [org.springframework.boot.test.mock.mockito.MockitoTestExecutionListener, org.springframework.boot.test.mock.mockito.ResetMocksTestExecutionListener, org.springframework.boot.test.autoconfigure.restdocs.RestDocsTestExecutionListener, org.springframework.boot.test.autoconfigure.web.client.MockRestServiceServerResetTestExecutionListener, org.springframework.boot.test.autoconfigure.web.servlet.MockMvcPrintOnlyOnFailureTestExecutionListener, org.springframework.boot.test.autoconfigure.web.servlet.WebDriverTestExecutionListener, org.springframework.boot.test.autoconfigure.webservices.client.MockWebServiceServerTestExecutionListener, org.springframework.test.context.web.ServletTestExecutionListener, org.springframework.test.context.support.DirtiesContextBeforeModesTestExecutionListener, org.springframework.test.context.support.DependencyInjectionTestExecutionListener, org.springframework.test.context.support.DirtiesContextTestExecutionListener, org.springframework.test.context.transaction.TransactionalTestExecutionListener, org.springframework.test.context.jdbc.SqlScriptsTestExecutionListener, org.springframework.test.context.event.EventPublishingTestExecutionListener]
3422 [main] INFO  o.s.b.t.c.SpringBootTestContextBootstrapper - Using TestExecutionListeners: [org.springframework.test.context.web.ServletTestExecutionListener@a047bdb, org.springframework.test.context.support.DirtiesContextBeforeModesTestExecutionListener@14dbfdb1, org.springframework.boot.test.mock.mockito.MockitoTestExecutionListener@7856f41a, org.springframework.boot.test.autoconfigure.SpringBootDependencyInjectionTestExecutionListener@5fbae40, org.springframework.test.context.support.DirtiesContextTestExecutionListener@2c08c787, org.springframework.test.context.transaction.TransactionalTestExecutionListener@67f591c2, org.springframework.test.context.jdbc.SqlScriptsTestExecutionListener@284c4f02, org.springframework.test.context.event.EventPublishingTestExecutionListener@709d6de5, org.springframework.boot.test.mock.mockito.ResetMocksTestExecutionListener@1a43a88e, org.springframework.boot.test.autoconfigure.restdocs.RestDocsTestExecutionListener@51f34185, org.springframework.boot.test.autoconfigure.web.client.MockRestServiceServerResetTestExecutionListener@1b8d20e6, org.springframework.boot.test.autoconfigure.web.servlet.MockMvcPrintOnlyOnFailureTestExecutionListener@e49437, org.springframework.boot.test.autoconfigure.web.servlet.WebDriverTestExecutionListener@7645b7d, org.springframework.boot.test.autoconfigure.webservices.client.MockWebServiceServerTestExecutionListener@4c50cd7d]
3494 [main] INFO  c.d.b.BankAccountToyApplicationTests - Starting BankAccountToyApplicationTests on DESKTOP-QOT9745 with PID 30396 (started by aamir in D:\projects\bank-accout-toy)
3496 [main] INFO  c.d.b.BankAccountToyApplicationTests - No active profile set, falling back to default profiles: default
4023 [main] INFO  o.s.d.r.c.RepositoryConfigurationDelegate - Bootstrapping Spring Data JPA repositories in DEFERRED mode.
4087 [main] INFO  o.s.d.r.c.RepositoryConfigurationDelegate - Finished Spring Data repository scanning in 57ms. Found 2 JPA repository interfaces.
4475 [main] INFO  o.f.c.i.license.VersionPrinter - Flyway Community Edition 6.4.4 by Redgate
4482 [main] INFO  com.zaxxer.hikari.HikariDataSource - HikariPool-1 - Starting...
4738 [main] INFO  com.zaxxer.hikari.HikariDataSource - HikariPool-1 - Start completed.
4769 [main] INFO  o.f.c.i.database.DatabaseFactory - Database: jdbc:h2:mem:testdb (H2 1.4)
4837 [main] INFO  o.f.c.internal.command.DbValidate - Successfully validated 0 migrations (execution time 00:00.016s)
4838 [main] WARN  o.f.c.internal.command.DbValidate - No migrations found. Are your locations set up correctly?
4857 [main] INFO  o.f.c.i.s.JdbcTableSchemaHistory - Creating Schema History table "PUBLIC"."flyway_schema_history" ...
4916 [main] INFO  o.f.core.internal.command.DbMigrate - Current version of schema "PUBLIC": << Empty Schema >>
4921 [main] INFO  o.f.core.internal.command.DbMigrate - Schema "PUBLIC" is up to date. No migration necessary.
5014 [main] INFO  o.s.s.c.ThreadPoolTaskExecutor - Initializing ExecutorService 'applicationTaskExecutor'
5105 [task-1] INFO  o.h.jpa.internal.util.LogHelper - HHH000204: Processing PersistenceUnitInfo [name: default]
5172 [task-1] INFO  org.hibernate.Version - HHH000412: Hibernate ORM core version 5.4.18.Final
5218 [task-1] INFO  o.h.annotations.common.Version - HCANN000001: Hibernate Commons Annotations {5.1.0.Final}
5493 [main] WARN  o.s.b.a.o.j.JpaBaseConfiguration$JpaWebConfiguration - spring.jpa.open-in-view is enabled by default. Therefore, database queries may be performed during view rendering. Explicitly configure spring.jpa.open-in-view to disable this warning
5819 [main] INFO  s.d.s.w.PropertySourcedRequestMappingHandlerMapping - Mapped URL path [/v2/api-docs] onto method [springfox.documentation.swagger2.web.Swagger2Controller#getDocumentation(String, HttpServletRequest)]
5906 [task-1] INFO  org.hibernate.dialect.Dialect - HHH000400: Using dialect: org.hibernate.dialect.H2Dialect
6279 [main] INFO  s.d.s.w.p.DocumentationPluginsBootstrapper - Context refreshed
6303 [main] INFO  s.d.s.w.p.DocumentationPluginsBootstrapper - Found 1 custom documentation plugin(s)
6327 [main] INFO  s.d.s.w.s.ApiListingReferenceScanner - Scanning for api listing references
6473 [task-1] INFO  o.h.e.t.j.p.i.JtaPlatformInitiator - HHH000490: Using JtaPlatform implementation: [org.hibernate.engine.transaction.jta.platform.internal.NoJtaPlatform]
6478 [main] INFO  s.d.s.w.r.o.CachingOperationNameGenerator - Generating unique operation named: depositAmountUsingPOST_1
6485 [task-1] INFO  o.s.o.j.LocalContainerEntityManagerFactoryBean - Initialized JPA EntityManagerFactory for persistence unit 'default'
6496 [main] INFO  o.s.d.r.c.DeferredRepositoryInitializationListener - Triggering deferred initialization of Spring Data repositories…
6863 [main] INFO  o.s.d.r.c.DeferredRepositoryInitializationListener - Spring Data repositories initialized!
6869 [main] INFO  c.d.b.BankAccountToyApplicationTests - Started BankAccountToyApplicationTests in 3.444 seconds (JVM running for 7.799)
6893 [main] INFO  o.s.b.t.a.w.s.WebMvcTestContextBootstrapper - Neither @ContextConfiguration nor @ContextHierarchy found for test class [com.dkb.bankaccount.web.TransactionControllerTest], using SpringBootContextLoader
6894 [main] INFO  o.s.t.c.s.AbstractContextLoader - Could not detect default resource locations for test class [com.dkb.bankaccount.web.TransactionControllerTest]: no resource found for suffixes {-context.xml, Context.groovy}.
6895 [main] INFO  o.s.t.c.s.AnnotationConfigContextLoaderUtils - Could not detect default configuration classes for test class [com.dkb.bankaccount.web.TransactionControllerTest]: TransactionControllerTest does not declare any static, non-private, non-final, nested classes annotated with @Configuration.
6899 [main] INFO  o.s.b.t.c.SpringBootTestContextBootstrapper - Found @SpringBootConfiguration com.dkb.bankaccount.BankAccountToyApplication for test class com.dkb.bankaccount.web.TransactionControllerTest
6900 [main] INFO  o.s.b.t.a.w.s.WebMvcTestContextBootstrapper - Loaded default TestExecutionListener class names from location [META-INF/spring.factories]: [org.springframework.boot.test.mock.mockito.MockitoTestExecutionListener, org.springframework.boot.test.mock.mockito.ResetMocksTestExecutionListener, org.springframework.boot.test.autoconfigure.restdocs.RestDocsTestExecutionListener, org.springframework.boot.test.autoconfigure.web.client.MockRestServiceServerResetTestExecutionListener, org.springframework.boot.test.autoconfigure.web.servlet.MockMvcPrintOnlyOnFailureTestExecutionListener, org.springframework.boot.test.autoconfigure.web.servlet.WebDriverTestExecutionListener, org.springframework.boot.test.autoconfigure.webservices.client.MockWebServiceServerTestExecutionListener, org.springframework.test.context.web.ServletTestExecutionListener, org.springframework.test.context.support.DirtiesContextBeforeModesTestExecutionListener, org.springframework.test.context.support.DependencyInjectionTestExecutionListener, org.springframework.test.context.support.DirtiesContextTestExecutionListener, org.springframework.test.context.transaction.TransactionalTestExecutionListener, org.springframework.test.context.jdbc.SqlScriptsTestExecutionListener, org.springframework.test.context.event.EventPublishingTestExecutionListener]
6901 [main] INFO  o.s.b.t.a.w.s.WebMvcTestContextBootstrapper - Using TestExecutionListeners: [org.springframework.test.context.web.ServletTestExecutionListener@6bab373c, org.springframework.test.context.support.DirtiesContextBeforeModesTestExecutionListener@493ed8e6, org.springframework.boot.test.mock.mockito.MockitoTestExecutionListener@7b897456, org.springframework.boot.test.autoconfigure.SpringBootDependencyInjectionTestExecutionListener@4dcc0e3d, org.springframework.test.context.support.DirtiesContextTestExecutionListener@7fecc26f, org.springframework.test.context.transaction.TransactionalTestExecutionListener@402adc9c, org.springframework.test.context.jdbc.SqlScriptsTestExecutionListener@70313b0b, org.springframework.test.context.event.EventPublishingTestExecutionListener@5da16ed6, org.springframework.boot.test.mock.mockito.ResetMocksTestExecutionListener@444720b7, org.springframework.boot.test.autoconfigure.restdocs.RestDocsTestExecutionListener@529fda9f, org.springframework.boot.test.autoconfigure.web.client.MockRestServiceServerResetTestExecutionListener@2b8f5aa4, org.springframework.boot.test.autoconfigure.web.servlet.MockMvcPrintOnlyOnFailureTestExecutionListener@7d0e46dd, org.springframework.boot.test.autoconfigure.web.servlet.WebDriverTestExecutionListener@318353, org.springframework.boot.test.autoconfigure.webservices.client.MockWebServiceServerTestExecutionListener@2cd6fae8]
6926 [main] INFO  c.d.b.web.TransactionControllerTest - Starting TransactionControllerTest on DESKTOP-QOT9745 with PID 30396 (started by aamir in D:\projects\bank-accout-toy)
6927 [main] INFO  c.d.b.web.TransactionControllerTest - No active profile set, falling back to default profiles: default
7180 [main] INFO  o.s.s.c.ThreadPoolTaskExecutor - Initializing ExecutorService 'applicationTaskExecutor'
7283 [main] INFO  o.s.b.t.m.w.SpringBootMockServletContext - Initializing Spring TestDispatcherServlet ''
7283 [main] INFO  o.s.t.w.s.TestDispatcherServlet - Initializing Servlet ''
7291 [main] INFO  o.s.t.w.s.TestDispatcherServlet - Completed initialization in 7 ms
7301 [main] INFO  c.d.b.web.TransactionControllerTest - Started TransactionControllerTest in 0.397 seconds (JVM running for 8.231)
7354 [SpringContextShutdownHook] INFO  o.s.s.c.ThreadPoolTaskExecutor - Shutting down ExecutorService 'applicationTaskExecutor'
7354 [SpringContextShutdownHook] INFO  o.s.s.c.ThreadPoolTaskExecutor - Shutting down ExecutorService 'applicationTaskExecutor'
7358 [SpringContextShutdownHook] INFO  o.s.o.j.LocalContainerEntityManagerFactoryBean - Closing JPA EntityManagerFactory for persistence unit 'default'
7360 [SpringContextShutdownHook] INFO  o.s.s.c.ThreadPoolTaskExecutor - Shutting down ExecutorService 'applicationTaskExecutor'
7361 [SpringContextShutdownHook] INFO  com.zaxxer.hikari.HikariDataSource - HikariPool-1 - Shutdown initiated...
7370 [SpringContextShutdownHook] INFO  com.zaxxer.hikari.HikariDataSource - HikariPool-1 - Shutdown completed.
326  [main] INFO  o.s.b.t.a.w.s.WebMvcTestContextBootstrapper - Neither @ContextConfiguration nor @ContextHierarchy found for test class [com.dkb.bankaccount.web.AccountControllerTest], using SpringBootContextLoader
337  [main] INFO  o.s.t.c.s.AbstractContextLoader - Could not detect default resource locations for test class [com.dkb.bankaccount.web.AccountControllerTest]: no resource found for suffixes {-context.xml, Context.groovy}.
339  [main] INFO  o.s.t.c.s.AnnotationConfigContextLoaderUtils - Could not detect default configuration classes for test class [com.dkb.bankaccount.web.AccountControllerTest]: AccountControllerTest does not declare any static, non-private, non-final, nested classes annotated with @Configuration.
479  [main] INFO  o.s.b.t.c.SpringBootTestContextBootstrapper - Found @SpringBootConfiguration com.dkb.bankaccount.BankAccountToyApplication for test class com.dkb.bankaccount.web.AccountControllerTest
482  [main] INFO  o.s.b.t.a.w.s.WebMvcTestContextBootstrapper - Loaded default TestExecutionListener class names from location [META-INF/spring.factories]: [org.springframework.boot.test.mock.mockito.MockitoTestExecutionListener, org.springframework.boot.test.mock.mockito.ResetMocksTestExecutionListener, org.springframework.boot.test.autoconfigure.restdocs.RestDocsTestExecutionListener, org.springframework.boot.test.autoconfigure.web.client.MockRestServiceServerResetTestExecutionListener, org.springframework.boot.test.autoconfigure.web.servlet.MockMvcPrintOnlyOnFailureTestExecutionListener, org.springframework.boot.test.autoconfigure.web.servlet.WebDriverTestExecutionListener, org.springframework.boot.test.autoconfigure.webservices.client.MockWebServiceServerTestExecutionListener, org.springframework.test.context.web.ServletTestExecutionListener, org.springframework.test.context.support.DirtiesContextBeforeModesTestExecutionListener, org.springframework.test.context.support.DependencyInjectionTestExecutionListener, org.springframework.test.context.support.DirtiesContextTestExecutionListener, org.springframework.test.context.transaction.TransactionalTestExecutionListener, org.springframework.test.context.jdbc.SqlScriptsTestExecutionListener, org.springframework.test.context.event.EventPublishingTestExecutionListener]
499  [main] INFO  o.s.b.t.a.w.s.WebMvcTestContextBootstrapper - Using TestExecutionListeners: [org.springframework.test.context.web.ServletTestExecutionListener@435871cb, org.springframework.test.context.support.DirtiesContextBeforeModesTestExecutionListener@609640d5, org.springframework.boot.test.mock.mockito.MockitoTestExecutionListener@79da1ec0, org.springframework.boot.test.autoconfigure.SpringBootDependencyInjectionTestExecutionListener@19fb8826, org.springframework.test.context.support.DirtiesContextTestExecutionListener@192d74fb, org.springframework.test.context.transaction.TransactionalTestExecutionListener@4bef0fe3, org.springframework.test.context.jdbc.SqlScriptsTestExecutionListener@62ea3440, org.springframework.test.context.event.EventPublishingTestExecutionListener@27953a83, org.springframework.boot.test.mock.mockito.ResetMocksTestExecutionListener@556d0826, org.springframework.boot.test.autoconfigure.restdocs.RestDocsTestExecutionListener@66ce957f, org.springframework.boot.test.autoconfigure.web.client.MockRestServiceServerResetTestExecutionListener@55b5f5d2, org.springframework.boot.test.autoconfigure.web.servlet.MockMvcPrintOnlyOnFailureTestExecutionListener@5bfa8cc5, org.springframework.boot.test.autoconfigure.web.servlet.WebDriverTestExecutionListener@666b83a4, org.springframework.boot.test.autoconfigure.webservices.client.MockWebServiceServerTestExecutionListener@749c877b]
1138 [main] INFO  c.d.b.web.AccountControllerTest - Starting AccountControllerTest on DESKTOP-QOT9745 with PID 30708 (started by aamir in D:\projects\bank-accout-toy)
1142 [main] INFO  c.d.b.web.AccountControllerTest - No active profile set, falling back to default profiles: default
2639 [main] INFO  o.s.s.c.ThreadPoolTaskExecutor - Initializing ExecutorService 'applicationTaskExecutor'
2918 [main] INFO  o.s.b.t.m.w.SpringBootMockServletContext - Initializing Spring TestDispatcherServlet ''
2918 [main] INFO  o.s.t.w.s.TestDispatcherServlet - Initializing Servlet ''
2933 [main] INFO  o.s.t.w.s.TestDispatcherServlet - Completed initialization in 15 ms
2984 [main] INFO  c.d.b.web.AccountControllerTest - Started AccountControllerTest in 2.428 seconds (JVM running for 4.219)
3701 [main] INFO  o.s.b.t.c.SpringBootTestContextBootstrapper - Neither @ContextConfiguration nor @ContextHierarchy found for test class [com.dkb.bankaccount.BankAccountToyApplicationTests], using SpringBootContextLoader
3701 [main] INFO  o.s.t.c.s.AbstractContextLoader - Could not detect default resource locations for test class [com.dkb.bankaccount.BankAccountToyApplicationTests]: no resource found for suffixes {-context.xml, Context.groovy}.
3701 [main] INFO  o.s.t.c.s.AnnotationConfigContextLoaderUtils - Could not detect default configuration classes for test class [com.dkb.bankaccount.BankAccountToyApplicationTests]: BankAccountToyApplicationTests does not declare any static, non-private, non-final, nested classes annotated with @Configuration.
3707 [main] INFO  o.s.b.t.c.SpringBootTestContextBootstrapper - Found @SpringBootConfiguration com.dkb.bankaccount.BankAccountToyApplication for test class com.dkb.bankaccount.BankAccountToyApplicationTests
3711 [main] INFO  o.s.b.t.c.SpringBootTestContextBootstrapper - Loaded default TestExecutionListener class names from location [META-INF/spring.factories]: [org.springframework.boot.test.mock.mockito.MockitoTestExecutionListener, org.springframework.boot.test.mock.mockito.ResetMocksTestExecutionListener, org.springframework.boot.test.autoconfigure.restdocs.RestDocsTestExecutionListener, org.springframework.boot.test.autoconfigure.web.client.MockRestServiceServerResetTestExecutionListener, org.springframework.boot.test.autoconfigure.web.servlet.MockMvcPrintOnlyOnFailureTestExecutionListener, org.springframework.boot.test.autoconfigure.web.servlet.WebDriverTestExecutionListener, org.springframework.boot.test.autoconfigure.webservices.client.MockWebServiceServerTestExecutionListener, org.springframework.test.context.web.ServletTestExecutionListener, org.springframework.test.context.support.DirtiesContextBeforeModesTestExecutionListener, org.springframework.test.context.support.DependencyInjectionTestExecutionListener, org.springframework.test.context.support.DirtiesContextTestExecutionListener, org.springframework.test.context.transaction.TransactionalTestExecutionListener, org.springframework.test.context.jdbc.SqlScriptsTestExecutionListener, org.springframework.test.context.event.EventPublishingTestExecutionListener]
3712 [main] INFO  o.s.b.t.c.SpringBootTestContextBootstrapper - Using TestExecutionListeners: [org.springframework.test.context.web.ServletTestExecutionListener@238ad211, org.springframework.test.context.support.DirtiesContextBeforeModesTestExecutionListener@1c011855, org.springframework.boot.test.mock.mockito.MockitoTestExecutionListener@6591f8ea, org.springframework.boot.test.autoconfigure.SpringBootDependencyInjectionTestExecutionListener@5273143e, org.springframework.test.context.support.DirtiesContextTestExecutionListener@279c4e3b, org.springframework.test.context.transaction.TransactionalTestExecutionListener@334b392d, org.springframework.test.context.jdbc.SqlScriptsTestExecutionListener@59f7c106, org.springframework.test.context.event.EventPublishingTestExecutionListener@136fece2, org.springframework.boot.test.mock.mockito.ResetMocksTestExecutionListener@56478522, org.springframework.boot.test.autoconfigure.restdocs.RestDocsTestExecutionListener@3caf5c96, org.springframework.boot.test.autoconfigure.web.client.MockRestServiceServerResetTestExecutionListener@5b3755f4, org.springframework.boot.test.autoconfigure.web.servlet.MockMvcPrintOnlyOnFailureTestExecutionListener@37d3aa8c, org.springframework.boot.test.autoconfigure.web.servlet.WebDriverTestExecutionListener@5dd747c1, org.springframework.boot.test.autoconfigure.webservices.client.MockWebServiceServerTestExecutionListener@1bdafb01]
3746 [main] INFO  c.d.b.BankAccountToyApplicationTests - Starting BankAccountToyApplicationTests on DESKTOP-QOT9745 with PID 30708 (started by aamir in D:\projects\bank-accout-toy)
3748 [main] INFO  c.d.b.BankAccountToyApplicationTests - No active profile set, falling back to default profiles: default
4598 [main] INFO  o.s.d.r.c.RepositoryConfigurationDelegate - Bootstrapping Spring Data JPA repositories in DEFERRED mode.
4669 [main] INFO  o.s.d.r.c.RepositoryConfigurationDelegate - Finished Spring Data repository scanning in 60ms. Found 2 JPA repository interfaces.
5037 [main] INFO  o.f.c.i.license.VersionPrinter - Flyway Community Edition 6.4.4 by Redgate
5044 [main] INFO  com.zaxxer.hikari.HikariDataSource - HikariPool-1 - Starting...
5296 [main] INFO  com.zaxxer.hikari.HikariDataSource - HikariPool-1 - Start completed.
5320 [main] INFO  o.f.c.i.database.DatabaseFactory - Database: jdbc:h2:mem:testdb (H2 1.4)
5403 [main] INFO  o.f.c.internal.command.DbValidate - Successfully validated 0 migrations (execution time 00:00.026s)
5403 [main] WARN  o.f.c.internal.command.DbValidate - No migrations found. Are your locations set up correctly?
5428 [main] INFO  o.f.c.i.s.JdbcTableSchemaHistory - Creating Schema History table "PUBLIC"."flyway_schema_history" ...
5520 [main] INFO  o.f.core.internal.command.DbMigrate - Current version of schema "PUBLIC": << Empty Schema >>
5527 [main] INFO  o.f.core.internal.command.DbMigrate - Schema "PUBLIC" is up to date. No migration necessary.
5614 [main] INFO  o.s.s.c.ThreadPoolTaskExecutor - Initializing ExecutorService 'applicationTaskExecutor'
5711 [task-1] INFO  o.h.jpa.internal.util.LogHelper - HHH000204: Processing PersistenceUnitInfo [name: default]
5798 [task-1] INFO  org.hibernate.Version - HHH000412: Hibernate ORM core version 5.4.18.Final
5849 [task-1] INFO  o.h.annotations.common.Version - HCANN000001: Hibernate Commons Annotations {5.1.0.Final}
6111 [main] WARN  o.s.b.a.o.j.JpaBaseConfiguration$JpaWebConfiguration - spring.jpa.open-in-view is enabled by default. Therefore, database queries may be performed during view rendering. Explicitly configure spring.jpa.open-in-view to disable this warning
6495 [task-1] INFO  org.hibernate.dialect.Dialect - HHH000400: Using dialect: org.hibernate.dialect.H2Dialect
6551 [main] INFO  o.s.b.a.e.web.EndpointLinksResolver - Exposing 2 endpoint(s) beneath base path '/actuator'
6851 [main] INFO  s.d.s.w.PropertySourcedRequestMappingHandlerMapping - Mapped URL path [/v2/api-docs] onto method [springfox.documentation.swagger2.web.Swagger2Controller#getDocumentation(String, HttpServletRequest)]
7220 [task-1] INFO  o.h.e.t.j.p.i.JtaPlatformInitiator - HHH000490: Using JtaPlatform implementation: [org.hibernate.engine.transaction.jta.platform.internal.NoJtaPlatform]
7232 [task-1] INFO  o.s.o.j.LocalContainerEntityManagerFactoryBean - Initialized JPA EntityManagerFactory for persistence unit 'default'
7442 [main] INFO  s.d.s.w.p.DocumentationPluginsBootstrapper - Context refreshed
7470 [main] INFO  s.d.s.w.p.DocumentationPluginsBootstrapper - Found 1 custom documentation plugin(s)
7499 [main] INFO  s.d.s.w.s.ApiListingReferenceScanner - Scanning for api listing references
7638 [main] INFO  s.d.s.w.r.o.CachingOperationNameGenerator - Generating unique operation named: handleUsingGET_1
7642 [main] INFO  s.d.s.w.r.o.CachingOperationNameGenerator - Generating unique operation named: handleUsingGET_2
7678 [main] INFO  s.d.s.w.r.o.CachingOperationNameGenerator - Generating unique operation named: depositAmountUsingPOST_1
7738 [main] INFO  o.s.d.r.c.DeferredRepositoryInitializationListener - Triggering deferred initialization of Spring Data repositories…
8114 [main] INFO  o.s.d.r.c.DeferredRepositoryInitializationListener - Spring Data repositories initialized!
8127 [main] INFO  c.d.b.BankAccountToyApplicationTests - Started BankAccountToyApplicationTests in 4.413 seconds (JVM running for 9.362)
8201 [main] INFO  o.s.b.t.a.w.s.WebMvcTestContextBootstrapper - Neither @ContextConfiguration nor @ContextHierarchy found for test class [com.dkb.bankaccount.web.TransactionControllerTest], using SpringBootContextLoader
8202 [main] INFO  o.s.t.c.s.AbstractContextLoader - Could not detect default resource locations for test class [com.dkb.bankaccount.web.TransactionControllerTest]: no resource found for suffixes {-context.xml, Context.groovy}.
8203 [main] INFO  o.s.t.c.s.AnnotationConfigContextLoaderUtils - Could not detect default configuration classes for test class [com.dkb.bankaccount.web.TransactionControllerTest]: TransactionControllerTest does not declare any static, non-private, non-final, nested classes annotated with @Configuration.
8206 [main] INFO  o.s.b.t.c.SpringBootTestContextBootstrapper - Found @SpringBootConfiguration com.dkb.bankaccount.BankAccountToyApplication for test class com.dkb.bankaccount.web.TransactionControllerTest
8207 [main] INFO  o.s.b.t.a.w.s.WebMvcTestContextBootstrapper - Loaded default TestExecutionListener class names from location [META-INF/spring.factories]: [org.springframework.boot.test.mock.mockito.MockitoTestExecutionListener, org.springframework.boot.test.mock.mockito.ResetMocksTestExecutionListener, org.springframework.boot.test.autoconfigure.restdocs.RestDocsTestExecutionListener, org.springframework.boot.test.autoconfigure.web.client.MockRestServiceServerResetTestExecutionListener, org.springframework.boot.test.autoconfigure.web.servlet.MockMvcPrintOnlyOnFailureTestExecutionListener, org.springframework.boot.test.autoconfigure.web.servlet.WebDriverTestExecutionListener, org.springframework.boot.test.autoconfigure.webservices.client.MockWebServiceServerTestExecutionListener, org.springframework.test.context.web.ServletTestExecutionListener, org.springframework.test.context.support.DirtiesContextBeforeModesTestExecutionListener, org.springframework.test.context.support.DependencyInjectionTestExecutionListener, org.springframework.test.context.support.DirtiesContextTestExecutionListener, org.springframework.test.context.transaction.TransactionalTestExecutionListener, org.springframework.test.context.jdbc.SqlScriptsTestExecutionListener, org.springframework.test.context.event.EventPublishingTestExecutionListener]
8208 [main] INFO  o.s.b.t.a.w.s.WebMvcTestContextBootstrapper - Using TestExecutionListeners: [org.springframework.test.context.web.ServletTestExecutionListener@4075c0d8, org.springframework.test.context.support.DirtiesContextBeforeModesTestExecutionListener@3670af2b, org.springframework.boot.test.mock.mockito.MockitoTestExecutionListener@7c8537e9, org.springframework.boot.test.autoconfigure.SpringBootDependencyInjectionTestExecutionListener@42d4de20, org.springframework.test.context.support.DirtiesContextTestExecutionListener@2cc9a5a2, org.springframework.test.context.transaction.TransactionalTestExecutionListener@1ff35ee7, org.springframework.test.context.jdbc.SqlScriptsTestExecutionListener@4a9c188f, org.springframework.test.context.event.EventPublishingTestExecutionListener@2e5dea22, org.springframework.boot.test.mock.mockito.ResetMocksTestExecutionListener@4fd8aefe, org.springframework.boot.test.autoconfigure.restdocs.RestDocsTestExecutionListener@4a59d584, org.springframework.boot.test.autoconfigure.web.client.MockRestServiceServerResetTestExecutionListener@60abe420, org.springframework.boot.test.autoconfigure.web.servlet.MockMvcPrintOnlyOnFailureTestExecutionListener@21e60eed, org.springframework.boot.test.autoconfigure.web.servlet.WebDriverTestExecutionListener@2b43eb71, org.springframework.boot.test.autoconfigure.webservices.client.MockWebServiceServerTestExecutionListener@2f32fe68]
8236 [main] INFO  c.d.b.web.TransactionControllerTest - Starting TransactionControllerTest on DESKTOP-QOT9745 with PID 30708 (started by aamir in D:\projects\bank-accout-toy)
8237 [main] INFO  c.d.b.web.TransactionControllerTest - No active profile set, falling back to default profiles: default
8567 [main] INFO  o.s.s.c.ThreadPoolTaskExecutor - Initializing ExecutorService 'applicationTaskExecutor'
8652 [main] INFO  o.s.b.t.m.w.SpringBootMockServletContext - Initializing Spring TestDispatcherServlet ''
8652 [main] INFO  o.s.t.w.s.TestDispatcherServlet - Initializing Servlet ''
8652 [main] INFO  o.s.t.w.s.TestDispatcherServlet - Completed initialization in 0 ms
8670 [main] INFO  c.d.b.web.TransactionControllerTest - Started TransactionControllerTest in 0.459 seconds (JVM running for 9.904)
8724 [SpringContextShutdownHook] INFO  o.s.s.c.ThreadPoolTaskExecutor - Shutting down ExecutorService 'applicationTaskExecutor'
8725 [SpringContextShutdownHook] INFO  o.s.s.c.ThreadPoolTaskExecutor - Shutting down ExecutorService 'applicationTaskExecutor'
8729 [SpringContextShutdownHook] INFO  o.s.o.j.LocalContainerEntityManagerFactoryBean - Closing JPA EntityManagerFactory for persistence unit 'default'
8732 [SpringContextShutdownHook] INFO  o.s.s.c.ThreadPoolTaskExecutor - Shutting down ExecutorService 'applicationTaskExecutor'
8733 [SpringContextShutdownHook] INFO  com.zaxxer.hikari.HikariDataSource - HikariPool-1 - Shutdown initiated...
8738 [SpringContextShutdownHook] INFO  com.zaxxer.hikari.HikariDataSource - HikariPool-1 - Shutdown completed.
